04/20/2019 05:50:34 PM -> INFO: __main__: Predicting with Stacked Ensemble Model...
04/20/2019 05:50:34 PM -> INFO: dataset: Loading all data...
04/20/2019 05:50:35 PM -> INFO: dataset: All data loaded.
04/20/2019 05:50:35 PM -> INFO: dataset: Loading/Extracting feature 11 from audio files...
04/20/2019 05:50:35 PM -> INFO: dataset: Feature 11 extracted.
04/20/2019 05:50:36 PM -> INFO: dataset: Test Data Labels generated in ../Dataset/LF_MFCC_PREDICT_test_dataset.csv (test)
04/20/2019 05:50:36 PM -> INFO: basemodel: Loading Normalization Data...
04/20/2019 05:50:36 PM -> INFO: basemodel: Normalization Data Loaded.
04/20/2019 05:50:36 PM -> INFO: basemodel: Preparing Data...
04/20/2019 05:50:36 PM -> INFO: basemodel: Model TESTING START...
04/20/2019 05:50:40 PM -> INFO: cnnmodel: Predicting...
04/20/2019 05:50:42 PM -> INFO: basemodel: Model TESTING END.
04/20/2019 05:50:42 PM -> INFO: dataset: Loading/Extracting feature 16 from audio files...
04/20/2019 05:50:43 PM -> INFO: dataset: Feature 16 extracted.
04/20/2019 05:50:43 PM -> INFO: dataset: Test Data Labels generated in ../Dataset/LF_MFCC_PREDICT_test_dataset.csv (test)
04/20/2019 05:50:43 PM -> INFO: basemodel: Loading Normalization Data...
04/20/2019 05:50:43 PM -> INFO: basemodel: Normalization Data Loaded.
04/20/2019 05:50:43 PM -> INFO: basemodel: Preparing Data...
04/20/2019 05:50:43 PM -> INFO: basemodel: Model TESTING START...
04/20/2019 05:50:44 PM -> INFO: cnnmodel: Predicting...
04/20/2019 05:50:47 PM -> INFO: basemodel: Model TESTING END.
04/20/2019 05:50:47 PM -> INFO: __main__: Total time taken: 0:00:13.110030
