04/20/2019 05:49:44 PM -> INFO: __main__: Predicting with Stacked Ensemble Model...
04/20/2019 05:49:45 PM -> INFO: dataset: Loading all data...
04/20/2019 05:49:45 PM -> INFO: dataset: All data loaded.
04/20/2019 05:49:45 PM -> INFO: dataset: Loading/Extracting feature 11 from audio files...
04/20/2019 05:49:45 PM -> INFO: dataset: Feature 11 extracted.
04/20/2019 05:49:46 PM -> INFO: dataset: Test Data Labels generated in ../Dataset/LF_MFCC_PREDICT_test_dataset.csv (test)
04/20/2019 05:49:46 PM -> INFO: basemodel: Loading Normalization Data...
04/20/2019 05:49:46 PM -> INFO: basemodel: Normalization Data Loaded.
04/20/2019 05:49:46 PM -> INFO: basemodel: Preparing Data...
04/20/2019 05:49:46 PM -> INFO: basemodel: Model TESTING START...
04/20/2019 05:49:50 PM -> INFO: cnnmodel: Predicting...
04/20/2019 05:49:52 PM -> INFO: basemodel: Model TESTING END.
04/20/2019 05:49:52 PM -> INFO: dataset: Loading/Extracting feature 16 from audio files...
04/20/2019 05:49:53 PM -> INFO: dataset: Feature 16 extracted.
04/20/2019 05:49:53 PM -> INFO: dataset: Test Data Labels generated in ../Dataset/LF_MFCC_PREDICT_test_dataset.csv (test)
04/20/2019 05:49:53 PM -> INFO: basemodel: Loading Normalization Data...
04/20/2019 05:49:53 PM -> INFO: basemodel: Normalization Data Loaded.
04/20/2019 05:49:53 PM -> INFO: basemodel: Preparing Data...
04/20/2019 05:49:54 PM -> INFO: basemodel: Model TESTING START...
04/20/2019 05:49:54 PM -> INFO: cnnmodel: Predicting...
04/20/2019 05:49:57 PM -> INFO: basemodel: Model TESTING END.
04/20/2019 05:49:57 PM -> INFO: __main__: Total time taken: 0:00:12.485418
