04/20/2019 12:14:49 PM -> INFO: __main__: Predicting with Stacked Ensemble Model...
04/20/2019 12:14:49 PM -> INFO: dataset: Loading all data...
04/20/2019 12:14:49 PM -> INFO: dataset: All data loaded.
04/20/2019 12:14:50 PM -> INFO: dataset: Loading/Extracting feature 0 from audio files...
04/20/2019 12:14:50 PM -> INFO: dataset: Feature 0 extracted.
04/20/2019 12:14:50 PM -> INFO: dataset: Test Data Labels generated in ../Dataset/LF_SPEC_test_dataset.csv (test)
04/20/2019 12:14:50 PM -> INFO: basemodel: Loading Normalization Data...
04/20/2019 12:14:50 PM -> INFO: basemodel: Normalization Data Loaded.
04/20/2019 12:14:50 PM -> INFO: basemodel: Preparing Data...
04/20/2019 12:14:50 PM -> INFO: basemodel: Model TESTING START...
04/20/2019 12:14:55 PM -> INFO: cnnmodel: Predicting...
04/20/2019 12:14:57 PM -> INFO: basemodel: Model TESTING END.
04/20/2019 12:14:57 PM -> INFO: dataset: Loading/Extracting feature 16 from audio files...
04/20/2019 12:14:58 PM -> INFO: dataset: Feature 16 extracted.
04/20/2019 12:14:58 PM -> INFO: dataset: Test Data Labels generated in ../Dataset/LF_SPEC_test_dataset.csv (test)
04/20/2019 12:14:58 PM -> INFO: basemodel: Loading Normalization Data...
04/20/2019 12:14:58 PM -> INFO: basemodel: Normalization Data Loaded.
04/20/2019 12:14:58 PM -> INFO: basemodel: Preparing Data...
04/20/2019 12:14:58 PM -> INFO: basemodel: Model TESTING START...
04/20/2019 12:14:58 PM -> INFO: cnnmodel: Predicting...
04/20/2019 12:15:02 PM -> INFO: basemodel: Model TESTING END.
04/20/2019 12:15:02 PM -> INFO: __main__: Total time taken: 0:00:13.584748
