04/20/2019 12:09:54 PM -> INFO: __main__: Predicting with Stacked Ensemble Model...
04/20/2019 12:09:54 PM -> INFO: dataset: Loading all data...
04/20/2019 12:09:54 PM -> INFO: dataset: All data loaded.
04/20/2019 12:09:54 PM -> INFO: dataset: Loading/Extracting feature 0 from audio files...
04/20/2019 12:09:55 PM -> INFO: dataset: Feature 0 extracted.
04/20/2019 12:09:55 PM -> INFO: dataset: Test Data Labels generated in ../Dataset/LF_SPEC_test_dataset.csv (test)
04/20/2019 12:09:55 PM -> INFO: basemodel: Loading Normalization Data...
04/20/2019 12:09:55 PM -> INFO: basemodel: Normalization Data Loaded.
04/20/2019 12:09:55 PM -> INFO: basemodel: Preparing Data...
04/20/2019 12:09:55 PM -> INFO: basemodel: Model TESTING START...
04/20/2019 12:09:59 PM -> INFO: cnnmodel: Predicting...
04/20/2019 12:10:02 PM -> INFO: basemodel: Model TESTING END.
04/20/2019 12:10:02 PM -> INFO: dataset: Loading/Extracting feature 16 from audio files...
04/20/2019 12:10:28 PM -> INFO: dataset: Feature 16 extracted.
04/20/2019 12:10:29 PM -> INFO: dataset: Test Data Labels generated in ../Dataset/LF_SPEC_test_dataset.csv (test)
04/20/2019 12:10:29 PM -> INFO: basemodel: Loading Normalization Data...
04/20/2019 12:10:29 PM -> INFO: basemodel: Normalization Data Loaded.
04/20/2019 12:10:29 PM -> INFO: basemodel: Preparing Data...
04/20/2019 12:10:29 PM -> INFO: basemodel: Model TESTING START...
04/20/2019 12:10:29 PM -> INFO: cnnmodel: Predicting...
04/20/2019 12:10:32 PM -> INFO: basemodel: Model TESTING END.
04/20/2019 12:10:32 PM -> INFO: __main__: Total time taken: 0:00:39.012672
