04/17/2019 05:09:32 AM -> dataset: INFO: Loading all data...
04/17/2019 05:09:32 AM -> INFO: Loading all data...
04/17/2019 05:09:32 AM -> test_acc: INFO: Loading all data...
04/17/2019 05:09:34 AM -> dataset: INFO: All data loaded.
04/17/2019 05:09:34 AM -> INFO: All data loaded.
04/17/2019 05:09:34 AM -> test_acc: INFO: All data loaded.
04/17/2019 05:09:34 AM -> dataset: INFO: Loading/Extracting feature 4 from audio files...
04/17/2019 05:09:34 AM -> INFO: Loading/Extracting feature 4 from audio files...
04/17/2019 05:09:34 AM -> test_acc: INFO: Loading/Extracting feature 4 from audio files...
04/17/2019 07:10:03 AM -> dataset: INFO: Feature 4 extracted.
04/17/2019 07:10:03 AM -> INFO: Feature 4 extracted.
04/17/2019 07:10:03 AM -> test_acc: INFO: Feature 4 extracted.
04/17/2019 07:10:03 AM -> dataset: INFO: Generating train.csv and test.csv for building model...
04/17/2019 07:10:03 AM -> INFO: Generating train.csv and test.csv for building model...
04/17/2019 07:10:03 AM -> test_acc: INFO: Generating train.csv and test.csv for building model...
04/17/2019 07:10:04 AM -> dataset: INFO: Data labels generated in ../Dataset/cnn_train_dataset9.csv (train) and ../Dataset/cnn_test_dataset9.csv (test)
04/17/2019 07:10:04 AM -> INFO: Data labels generated in ../Dataset/cnn_train_dataset9.csv (train) and ../Dataset/cnn_test_dataset9.csv (test)
04/17/2019 07:10:04 AM -> test_acc: INFO: Data labels generated in ../Dataset/cnn_train_dataset9.csv (train) and ../Dataset/cnn_test_dataset9.csv (test)
04/17/2019 07:52:44 AM -> __main__: INFO: MODEL TRAINING START.
04/17/2019 07:52:44 AM -> INFO: MODEL TRAINING START.
04/17/2019 07:52:44 AM -> test_acc: INFO: MODEL TRAINING START.
