04/20/2019 11:36:32 AM -> INFO: __main__: Predicting with Stacked Ensemble Model...
04/20/2019 11:36:32 AM -> INFO: dataset: Loading all data...
04/20/2019 11:36:33 AM -> INFO: dataset: All data loaded.
04/20/2019 11:36:33 AM -> INFO: dataset: Loading/Extracting feature 3 from audio files...
04/20/2019 11:36:34 AM -> INFO: dataset: Feature 3 extracted.
04/20/2019 11:36:34 AM -> INFO: dataset: Test Data Labels generated in ../Dataset/LF_PRO_test_dataset.csv (test)
04/20/2019 11:36:34 AM -> INFO: basemodel: Loading Normalization Data...
04/20/2019 11:36:34 AM -> INFO: basemodel: Normalization Data Loaded.
04/20/2019 11:36:34 AM -> INFO: basemodel: Preparing Data...
04/20/2019 11:36:34 AM -> INFO: basemodel: Model TESTING START...
04/20/2019 11:36:38 AM -> INFO: cnnmodel: Predicting...
04/20/2019 11:36:41 AM -> INFO: basemodel: Model TESTING END.
04/20/2019 11:36:41 AM -> INFO: dataset: Loading/Extracting feature 4 from audio files...
04/20/2019 11:36:41 AM -> INFO: dataset: Feature 4 extracted.
04/20/2019 11:36:42 AM -> INFO: dataset: Test Data Labels generated in ../Dataset/LF_PRO_test_dataset.csv (test)
04/20/2019 11:36:42 AM -> INFO: basemodel: Loading Normalization Data...
04/20/2019 11:36:42 AM -> INFO: basemodel: Normalization Data Loaded.
04/20/2019 11:36:42 AM -> INFO: basemodel: Preparing Data...
04/20/2019 11:36:42 AM -> INFO: basemodel: Model TESTING START...
04/20/2019 11:36:42 AM -> INFO: cnnmodel: Predicting...
04/20/2019 11:36:44 AM -> INFO: basemodel: Model TESTING END.
04/20/2019 11:36:44 AM -> INFO: dataset: Loading/Extracting feature 5 from audio files...
04/20/2019 11:36:45 AM -> INFO: dataset: Feature 5 extracted.
04/20/2019 11:36:45 AM -> INFO: dataset: Test Data Labels generated in ../Dataset/LF_PRO_test_dataset.csv (test)
04/20/2019 11:36:46 AM -> INFO: basemodel: Loading Normalization Data...
04/20/2019 11:36:46 AM -> INFO: basemodel: Normalization Data Loaded.
04/20/2019 11:36:46 AM -> INFO: basemodel: Preparing Data...
04/20/2019 11:36:46 AM -> INFO: basemodel: Model TESTING START...
04/20/2019 11:36:46 AM -> INFO: cnnmodel: Predicting...
04/20/2019 11:36:49 AM -> INFO: basemodel: Model TESTING END.
04/20/2019 11:36:49 AM -> INFO: __main__: Total time taken: 0:00:17.123969
